0 info it worked if it ends with ok
1 verbose cli [ '/Users/alexlobera/.nvm/versions/node/v5.0.0/bin/node',
1 verbose cli   '/Users/alexlobera/.nvm/versions/node/v5.0.0/bin/npm',
1 verbose cli   'start' ]
2 info using npm@3.3.6
3 info using node@v5.0.0
4 verbose run-script [ 'prestart', 'start', 'poststart' ]
5 info lifecycle react-isomorphic@1.0.0~prestart: react-isomorphic@1.0.0
6 silly lifecycle react-isomorphic@1.0.0~prestart: no script for prestart, continuing
7 info lifecycle react-isomorphic@1.0.0~start: react-isomorphic@1.0.0
8 verbose lifecycle react-isomorphic@1.0.0~start: unsafe-perm in lifecycle true
9 verbose lifecycle react-isomorphic@1.0.0~start: PATH: /Users/alexlobera/.nvm/versions/node/v5.0.0/lib/node_modules/npm/bin/node-gyp-bin:/Users/alexlobera/Projects/react-isomorphic/test-app/node_modules/.bin:/Users/alexlobera/.nvm/versions/node/v5.0.0/bin:/Applications/Gedit.app/Contents/MacOS/gedit:/usr/local/bin:/usr/bin:/bin:/usr/sbin:/sbin
10 verbose lifecycle react-isomorphic@1.0.0~start: CWD: /Users/alexlobera/Projects/react-isomorphic/test-app
11 silly lifecycle react-isomorphic@1.0.0~start: Args: [ '-c',
11 silly lifecycle   'NODE_PATH=$NODE_PATH:./shared node --harmony ./server/app.prod.js' ]
12 silly lifecycle react-isomorphic@1.0.0~start: Returned: code: 1  signal: null
13 info lifecycle react-isomorphic@1.0.0~start: Failed to exec start script
14 verbose stack Error: react-isomorphic@1.0.0 start: `NODE_PATH=$NODE_PATH:./shared node --harmony ./server/app.prod.js`
14 verbose stack Exit status 1
14 verbose stack     at EventEmitter.<anonymous> (/Users/alexlobera/.nvm/versions/node/v5.0.0/lib/node_modules/npm/lib/utils/lifecycle.js:233:16)
14 verbose stack     at emitTwo (events.js:87:13)
14 verbose stack     at EventEmitter.emit (events.js:172:7)
14 verbose stack     at ChildProcess.<anonymous> (/Users/alexlobera/.nvm/versions/node/v5.0.0/lib/node_modules/npm/lib/utils/spawn.js:24:14)
14 verbose stack     at emitTwo (events.js:87:13)
14 verbose stack     at ChildProcess.emit (events.js:172:7)
14 verbose stack     at maybeClose (internal/child_process.js:818:16)
14 verbose stack     at Process.ChildProcess._handle.onexit (internal/child_process.js:211:5)
15 verbose pkgid react-isomorphic@1.0.0
16 verbose cwd /Users/alexlobera/Projects/react-isomorphic/test-app
17 error Darwin 15.2.0
18 error argv "/Users/alexlobera/.nvm/versions/node/v5.0.0/bin/node" "/Users/alexlobera/.nvm/versions/node/v5.0.0/bin/npm" "start"
19 error node v5.0.0
20 error npm  v3.3.6
21 error code ELIFECYCLE
22 error react-isomorphic@1.0.0 start: `NODE_PATH=$NODE_PATH:./shared node --harmony ./server/app.prod.js`
22 error Exit status 1
23 error Failed at the react-isomorphic@1.0.0 start script 'NODE_PATH=$NODE_PATH:./shared node --harmony ./server/app.prod.js'.
23 error This is most likely a problem with the react-isomorphic package,
23 error not with npm itself.
23 error Tell the author that this fails on your system:
23 error     NODE_PATH=$NODE_PATH:./shared node --harmony ./server/app.prod.js
23 error You can get their info via:
23 error     npm owner ls react-isomorphic
23 error There is likely additional logging output above.
24 verbose exit [ 1, true ]
